Determining if the pthread_create exist failed with the following output:
Change Dir: /home/erick/AutoNomoMini/build/CMakeFiles/CMakeTmp

Run Build Command:"/usr/bin/make" "cmTC_6c21d/fast"
/usr/bin/make -f CMakeFiles/cmTC_6c21d.dir/build.make CMakeFiles/cmTC_6c21d.dir/build
make[1]: se entra en el directorio '/home/erick/AutoNomoMini/build/CMakeFiles/CMakeTmp'
Building C object CMakeFiles/cmTC_6c21d.dir/CheckSymbolExists.c.o
/usr/bin/cc    -o CMakeFiles/cmTC_6c21d.dir/CheckSymbolExists.c.o   -c /home/erick/AutoNomoMini/build/CMakeFiles/CMakeTmp/CheckSymbolExists.c
Linking C executable cmTC_6c21d
/usr/bin/cmake -E cmake_link_script CMakeFiles/cmTC_6c21d.dir/link.txt --verbose=1
/usr/bin/cc      -rdynamic CMakeFiles/cmTC_6c21d.dir/CheckSymbolExists.c.o  -o cmTC_6c21d 
CMakeFiles/cmTC_6c21d.dir/CheckSymbolExists.c.o: En la función `main':
CheckSymbolExists.c:(.text+0x1b): referencia a `pthread_create' sin definir
collect2: error: ld returned 1 exit status
CMakeFiles/cmTC_6c21d.dir/build.make:97: fallo en las instrucciones para el objetivo 'cmTC_6c21d'
make[1]: *** [cmTC_6c21d] Error 1
make[1]: se sale del directorio '/home/erick/AutoNomoMini/build/CMakeFiles/CMakeTmp'
Makefile:126: fallo en las instrucciones para el objetivo 'cmTC_6c21d/fast'
make: *** [cmTC_6c21d/fast] Error 2

File /home/erick/AutoNomoMini/build/CMakeFiles/CMakeTmp/CheckSymbolExists.c:
/* */
#include <pthread.h>

int main(int argc, char** argv)
{
  (void)argv;
#ifndef pthread_create
  return ((int*)(&pthread_create))[argc];
#else
  (void)argc;
  return 0;
#endif
}

Determining if the function pthread_create exists in the pthreads failed with the following output:
Change Dir: /home/erick/AutoNomoMini/build/CMakeFiles/CMakeTmp

Run Build Command:"/usr/bin/make" "cmTC_68697/fast"
/usr/bin/make -f CMakeFiles/cmTC_68697.dir/build.make CMakeFiles/cmTC_68697.dir/build
make[1]: se entra en el directorio '/home/erick/AutoNomoMini/build/CMakeFiles/CMakeTmp'
Building C object CMakeFiles/cmTC_68697.dir/CheckFunctionExists.c.o
/usr/bin/cc   -DCHECK_FUNCTION_EXISTS=pthread_create   -o CMakeFiles/cmTC_68697.dir/CheckFunctionExists.c.o   -c /usr/share/cmake-3.10/Modules/CheckFunctionExists.c
Linking C executable cmTC_68697
/usr/bin/cmake -E cmake_link_script CMakeFiles/cmTC_68697.dir/link.txt --verbose=1
/usr/bin/cc  -DCHECK_FUNCTION_EXISTS=pthread_create    -rdynamic CMakeFiles/cmTC_68697.dir/CheckFunctionExists.c.o  -o cmTC_68697 -lpthreads 
/usr/bin/ld: no se puede encontrar -lpthreads
collect2: error: ld returned 1 exit status
CMakeFiles/cmTC_68697.dir/build.make:97: fallo en las instrucciones para el objetivo 'cmTC_68697'
make[1]: *** [cmTC_68697] Error 1
make[1]: se sale del directorio '/home/erick/AutoNomoMini/build/CMakeFiles/CMakeTmp'
Makefile:126: fallo en las instrucciones para el objetivo 'cmTC_68697/fast'
make: *** [cmTC_68697/fast] Error 2


